{
  "stats": {
    "suites": 12,
    "tests": 41,
    "passes": 1,
    "pending": 0,
    "failures": 40,
    "start": "2022-07-04T18:28:05.515Z",
    "end": "2022-07-04T18:31:03.673Z",
    "duration": 178158,
    "testsRegistered": 41,
    "passPercent": 2.4390243902439024,
    "pendingPercent": 0,
    "other": 0,
    "hasOther": false,
    "skipped": 0,
    "hasSkipped": false
  },
  "results": [
    {
      "uuid": "06481b87-3fa6-4c54-98f3-7063d95075ba",
      "title": "",
      "fullFile": "cypress/integration/project.spec.js",
      "file": "cypress/integration/project.spec.js",
      "beforeHooks": [],
      "afterHooks": [],
      "tests": [],
      "suites": [
        {
          "uuid": "d5389f8c-8431-451a-9152-00c132650208",
          "title": "1 - Adicione à página o título \"Paleta de Cores\".",
          "fullFile": "",
          "file": "",
          "beforeHooks": [],
          "afterHooks": [],
          "tests": [
            {
              "title": "Verifica se contém um elemento `h1` com o id `title` com o título correto",
              "fullTitle": "1 - Adicione à página o título \"Paleta de Cores\". Verifica se contém um elemento `h1` com o id `title` com o título correto",
              "timedOut": null,
              "duration": 264,
              "state": "passed",
              "speed": "slow",
              "pass": true,
              "fail": false,
              "pending": false,
              "context": null,
              "code": "cy.get('h1#title').should('contain.text', 'Paleta de Cores');",
              "err": {},
              "uuid": "986403f5-254a-4c03-a9d0-5c480b85f59c",
              "parentUUID": "d5389f8c-8431-451a-9152-00c132650208",
              "isHook": false,
              "skipped": false
            }
          ],
          "suites": [],
          "passes": [
            "986403f5-254a-4c03-a9d0-5c480b85f59c"
          ],
          "failures": [],
          "pending": [],
          "skipped": [],
          "duration": 264,
          "root": false,
          "rootEmpty": false,
          "_timeout": 2000
        },
        {
          "uuid": "8de4e987-7c86-45d1-aece-8ba0a715f8dc",
          "title": "2 - Adicione à página uma paleta de quatro cores distintas.",
          "fullFile": "",
          "file": "",
          "beforeHooks": [],
          "afterHooks": [],
          "tests": [
            {
              "title": "A paleta de cores deve ser um elemento com `id` denominado `color-palette` e ter mais de 0px de altura e de largura.",
              "fullTitle": "2 - Adicione à página uma paleta de quatro cores distintas. A paleta de cores deve ser um elemento com `id` denominado `color-palette` e ter mais de 0px de altura e de largura.",
              "timedOut": null,
              "duration": 4562,
              "state": "failed",
              "speed": null,
              "pass": false,
              "fail": true,
              "pending": false,
              "context": null,
              "code": "cy.get('#color-palette').should('be.visible');\ncy.get('#color-palette').children('.color');",
              "err": {
                "message": "CypressError: Timed out retrying: Expected to find element: '#color-palette', but never found it.",
                "estack": "CypressError: Timed out retrying: Expected to find element: '#color-palette', but never found it.\n    at cypressErr (http://localhost:46557/__cypress/runner/cypress_runner.js:149934:9)\n    at throwErr (http://localhost:46557/__cypress/runner/cypress_runner.js:149867:11)\n    at Object.throwErrByPath (http://localhost:46557/__cypress/runner/cypress_runner.js:149915:3)\n    at retry (http://localhost:46557/__cypress/runner/cypress_runner.js:144197:19)\n    at onFailFn (http://localhost:46557/__cypress/runner/cypress_runner.js:132448:16)\n    at tryCatcher (http://localhost:46557/__cypress/runner/cypress_runner.js:167415:23)\n    at Promise._settlePromiseFromHandler (http://localhost:46557/__cypress/runner/cypress_runner.js:165351:31)\n    at Promise._settlePromise (http://localhost:46557/__cypress/runner/cypress_runner.js:165408:18)\n    at Promise._settlePromise0 (http://localhost:46557/__cypress/runner/cypress_runner.js:165453:10)\n    at Promise._settlePromises (http://localhost:46557/__cypress/runner/cypress_runner.js:165528:18)\n    at Async../node_modules/bluebird/js/release/async.js.Async._drainQueue (http://localhost:46557/__cypress/runner/cypress_runner.js:162140:16)\n    at Async../node_modules/bluebird/js/release/async.js.Async._drainQueues (http://localhost:46557/__cypress/runner/cypress_runner.js:162150:10)\n    at Async.drainQueues (http://localhost:46557/__cypress/runner/cypress_runner.js:162024:14)",
                "diff": null
              },
              "uuid": "58db6aec-047a-42cb-b18f-6455c03fa462",
              "parentUUID": "8de4e987-7c86-45d1-aece-8ba0a715f8dc",
              "isHook": false,
              "skipped": false
            },
            {
              "title": "Verifica se cada cor individual da paleta de cores possui a `classe` chamada `color`.",
              "fullTitle": "2 - Adicione à página uma paleta de quatro cores distintas. Verifica se cada cor individual da paleta de cores possui a `classe` chamada `color`.",
              "timedOut": null,
              "duration": 4369,
              "state": "failed",
              "speed": null,
              "pass": false,
              "fail": true,
              "pending": false,
              "context": null,
              "code": "cy.get('.color').should('have.length', 4).then(function (colors) {\n  for (var i = 0; i < colors.length; i++) {\n    cy.wrap(colors[i]).should('be.visible');\n  }\n});",
              "err": {
                "message": "CypressError: Timed out retrying: Expected to find element: '.color', but never found it.",
                "estack": "CypressError: Timed out retrying: Expected to find element: '.color', but never found it.\n    at cypressErr (http://localhost:46557/__cypress/runner/cypress_runner.js:149934:9)\n    at throwErr (http://localhost:46557/__cypress/runner/cypress_runner.js:149867:11)\n    at Object.throwErrByPath (http://localhost:46557/__cypress/runner/cypress_runner.js:149915:3)\n    at retry (http://localhost:46557/__cypress/runner/cypress_runner.js:144197:19)\n    at onFailFn (http://localhost:46557/__cypress/runner/cypress_runner.js:132448:16)\n    at tryCatcher (http://localhost:46557/__cypress/runner/cypress_runner.js:167415:23)\n    at Promise._settlePromiseFromHandler (http://localhost:46557/__cypress/runner/cypress_runner.js:165351:31)\n    at Promise._settlePromise (http://localhost:46557/__cypress/runner/cypress_runner.js:165408:18)\n    at Promise._settlePromise0 (http://localhost:46557/__cypress/runner/cypress_runner.js:165453:10)\n    at Promise._settlePromises (http://localhost:46557/__cypress/runner/cypress_runner.js:165528:18)\n    at Async../node_modules/bluebird/js/release/async.js.Async._drainQueue (http://localhost:46557/__cypress/runner/cypress_runner.js:162140:16)\n    at Async../node_modules/bluebird/js/release/async.js.Async._drainQueues (http://localhost:46557/__cypress/runner/cypress_runner.js:162150:10)\n    at Async.drainQueues (http://localhost:46557/__cypress/runner/cypress_runner.js:162024:14)",
                "diff": null
              },
              "uuid": "b4c8afd9-a82e-4698-819e-7c4b348d8891",
              "parentUUID": "8de4e987-7c86-45d1-aece-8ba0a715f8dc",
              "isHook": false,
              "skipped": false
            },
            {
              "title": "Verifica se a cor de fundo de cada elemento da paleta é a cor que o elemento representa. **A única cor não permitida na paleta é a cor branca.**",
              "fullTitle": "2 - Adicione à página uma paleta de quatro cores distintas. Verifica se a cor de fundo de cada elemento da paleta é a cor que o elemento representa. **A única cor não permitida na paleta é a cor branca.**",
              "timedOut": null,
              "duration": 4392,
              "state": "failed",
              "speed": null,
              "pass": false,
              "fail": true,
              "pending": false,
              "context": null,
              "code": "cy.get('.color').each(function (color) {\n  cy.wrap(color).should('have.class', 'color').and('not.have.css', 'background-color', WHITE);\n  cy.wrap(color).should('have.css', 'background-color');\n});",
              "err": {
                "message": "CypressError: Timed out retrying: Expected to find element: '.color', but never found it.",
                "estack": "CypressError: Timed out retrying: Expected to find element: '.color', but never found it.\n    at cypressErr (http://localhost:46557/__cypress/runner/cypress_runner.js:149934:9)\n    at throwErr (http://localhost:46557/__cypress/runner/cypress_runner.js:149867:11)\n    at Object.throwErrByPath (http://localhost:46557/__cypress/runner/cypress_runner.js:149915:3)\n    at retry (http://localhost:46557/__cypress/runner/cypress_runner.js:144197:19)\n    at onFailFn (http://localhost:46557/__cypress/runner/cypress_runner.js:132448:16)\n    at tryCatcher (http://localhost:46557/__cypress/runner/cypress_runner.js:167415:23)\n    at Promise._settlePromiseFromHandler (http://localhost:46557/__cypress/runner/cypress_runner.js:165351:31)\n    at Promise._settlePromise (http://localhost:46557/__cypress/runner/cypress_runner.js:165408:18)\n    at Promise._settlePromise0 (http://localhost:46557/__cypress/runner/cypress_runner.js:165453:10)\n    at Promise._settlePromises (http://localhost:46557/__cypress/runner/cypress_runner.js:165528:18)\n    at Async../node_modules/bluebird/js/release/async.js.Async._drainQueue (http://localhost:46557/__cypress/runner/cypress_runner.js:162140:16)\n    at Async../node_modules/bluebird/js/release/async.js.Async._drainQueues (http://localhost:46557/__cypress/runner/cypress_runner.js:162150:10)\n    at Async.drainQueues (http://localhost:46557/__cypress/runner/cypress_runner.js:162024:14)",
                "diff": null
              },
              "uuid": "a05d8edf-0260-40f0-be2d-cb7d0add26a6",
              "parentUUID": "8de4e987-7c86-45d1-aece-8ba0a715f8dc",
              "isHook": false,
              "skipped": false
            },
            {
              "title": "Verifica se cada elemento da paleta de cores tem uma borda preta, sólida e com 1 pixel de largura;",
              "fullTitle": "2 - Adicione à página uma paleta de quatro cores distintas. Verifica se cada elemento da paleta de cores tem uma borda preta, sólida e com 1 pixel de largura;",
              "timedOut": null,
              "duration": 4381,
              "state": "failed",
              "speed": null,
              "pass": false,
              "fail": true,
              "pending": false,
              "context": null,
              "code": "cy.get('.color').each(function (color) {\n  cy.wrap(color).and('have.css', 'border', \"1px solid \".concat(BLACK)).and('have.class', 'color');\n});",
              "err": {
                "message": "CypressError: Timed out retrying: Expected to find element: '.color', but never found it.",
                "estack": "CypressError: Timed out retrying: Expected to find element: '.color', but never found it.\n    at cypressErr (http://localhost:46557/__cypress/runner/cypress_runner.js:149934:9)\n    at throwErr (http://localhost:46557/__cypress/runner/cypress_runner.js:149867:11)\n    at Object.throwErrByPath (http://localhost:46557/__cypress/runner/cypress_runner.js:149915:3)\n    at retry (http://localhost:46557/__cypress/runner/cypress_runner.js:144197:19)\n    at onFailFn (http://localhost:46557/__cypress/runner/cypress_runner.js:132448:16)\n    at tryCatcher (http://localhost:46557/__cypress/runner/cypress_runner.js:167415:23)\n    at Promise._settlePromiseFromHandler (http://localhost:46557/__cypress/runner/cypress_runner.js:165351:31)\n    at Promise._settlePromise (http://localhost:46557/__cypress/runner/cypress_runner.js:165408:18)\n    at Promise._settlePromise0 (http://localhost:46557/__cypress/runner/cypress_runner.js:165453:10)\n    at Promise._settlePromises (http://localhost:46557/__cypress/runner/cypress_runner.js:165528:18)\n    at Async../node_modules/bluebird/js/release/async.js.Async._drainQueue (http://localhost:46557/__cypress/runner/cypress_runner.js:162140:16)\n    at Async../node_modules/bluebird/js/release/async.js.Async._drainQueues (http://localhost:46557/__cypress/runner/cypress_runner.js:162150:10)\n    at Async.drainQueues (http://localhost:46557/__cypress/runner/cypress_runner.js:162024:14)",
                "diff": null
              },
              "uuid": "91a11ed4-8c16-477d-84cc-44c8e3f7b5de",
              "parentUUID": "8de4e987-7c86-45d1-aece-8ba0a715f8dc",
              "isHook": false,
              "skipped": false
            },
            {
              "title": "Verifica se a paleta lista todas as cores disponíveis para utilização, lado a lado.",
              "fullTitle": "2 - Adicione à página uma paleta de quatro cores distintas. Verifica se a paleta lista todas as cores disponíveis para utilização, lado a lado.",
              "timedOut": null,
              "duration": 4311,
              "state": "failed",
              "speed": null,
              "pass": false,
              "fail": true,
              "pending": false,
              "context": null,
              "code": "cy.get('.color').then(function (colors) {\n  for (var index = 1; index < colors.length; index += 1) {\n    var currentColor = colors[index];\n    var previousColor = colors[index - 1];\n    cy.wrap(currentColor).should('be.onTheRightOf', previousColor).and('be.horizontallyAlignedWith', previousColor);\n  }\n});",
              "err": {
                "message": "CypressError: Timed out retrying: Expected to find element: '.color', but never found it.",
                "estack": "CypressError: Timed out retrying: Expected to find element: '.color', but never found it.\n    at cypressErr (http://localhost:46557/__cypress/runner/cypress_runner.js:149934:9)\n    at throwErr (http://localhost:46557/__cypress/runner/cypress_runner.js:149867:11)\n    at Object.throwErrByPath (http://localhost:46557/__cypress/runner/cypress_runner.js:149915:3)\n    at retry (http://localhost:46557/__cypress/runner/cypress_runner.js:144197:19)\n    at onFailFn (http://localhost:46557/__cypress/runner/cypress_runner.js:132448:16)\n    at tryCatcher (http://localhost:46557/__cypress/runner/cypress_runner.js:167415:23)\n    at Promise._settlePromiseFromHandler (http://localhost:46557/__cypress/runner/cypress_runner.js:165351:31)\n    at Promise._settlePromise (http://localhost:46557/__cypress/runner/cypress_runner.js:165408:18)\n    at Promise._settlePromise0 (http://localhost:46557/__cypress/runner/cypress_runner.js:165453:10)\n    at Promise._settlePromises (http://localhost:46557/__cypress/runner/cypress_runner.js:165528:18)\n    at Async../node_modules/bluebird/js/release/async.js.Async._drainQueue (http://localhost:46557/__cypress/runner/cypress_runner.js:162140:16)\n    at Async../node_modules/bluebird/js/release/async.js.Async._drainQueues (http://localhost:46557/__cypress/runner/cypress_runner.js:162150:10)\n    at Async.drainQueues (http://localhost:46557/__cypress/runner/cypress_runner.js:162024:14)",
                "diff": null
              },
              "uuid": "41c86a9f-f8ac-4aaf-9d74-2053cc08b876",
              "parentUUID": "8de4e987-7c86-45d1-aece-8ba0a715f8dc",
              "isHook": false,
              "skipped": false
            },
            {
              "title": "Verifica se a paleta de cores está posicionada abaixo do título 'Paleta de Cores'",
              "fullTitle": "2 - Adicione à página uma paleta de quatro cores distintas. Verifica se a paleta de cores está posicionada abaixo do título 'Paleta de Cores'",
              "timedOut": null,
              "duration": 4344,
              "state": "failed",
              "speed": null,
              "pass": false,
              "fail": true,
              "pending": false,
              "context": null,
              "code": "cy.get('h1#title').then(function (title) {\n  cy.get('#color-palette').should('be.belowOf', title);\n});",
              "err": {
                "message": "CypressError: Timed out retrying: Expected to find element: '#color-palette', but never found it.",
                "estack": "CypressError: Timed out retrying: Expected to find element: '#color-palette', but never found it.\n    at cypressErr (http://localhost:46557/__cypress/runner/cypress_runner.js:149934:9)\n    at throwErr (http://localhost:46557/__cypress/runner/cypress_runner.js:149867:11)\n    at Object.throwErrByPath (http://localhost:46557/__cypress/runner/cypress_runner.js:149915:3)\n    at retry (http://localhost:46557/__cypress/runner/cypress_runner.js:144197:19)\n    at onFailFn (http://localhost:46557/__cypress/runner/cypress_runner.js:132448:16)\n    at tryCatcher (http://localhost:46557/__cypress/runner/cypress_runner.js:167415:23)\n    at Promise._settlePromiseFromHandler (http://localhost:46557/__cypress/runner/cypress_runner.js:165351:31)\n    at Promise._settlePromise (http://localhost:46557/__cypress/runner/cypress_runner.js:165408:18)\n    at Promise._settlePromise0 (http://localhost:46557/__cypress/runner/cypress_runner.js:165453:10)\n    at Promise._settlePromises (http://localhost:46557/__cypress/runner/cypress_runner.js:165528:18)\n    at Async../node_modules/bluebird/js/release/async.js.Async._drainQueue (http://localhost:46557/__cypress/runner/cypress_runner.js:162140:16)\n    at Async../node_modules/bluebird/js/release/async.js.Async._drainQueues (http://localhost:46557/__cypress/runner/cypress_runner.js:162150:10)\n    at Async.drainQueues (http://localhost:46557/__cypress/runner/cypress_runner.js:162024:14)",
                "diff": null
              },
              "uuid": "e5524e6e-6b31-477d-827e-4e4543bf5761",
              "parentUUID": "8de4e987-7c86-45d1-aece-8ba0a715f8dc",
              "isHook": false,
              "skipped": false
            },
            {
              "title": "Verifica se a paleta de cores não contém cores repetidas.",
              "fullTitle": "2 - Adicione à página uma paleta de quatro cores distintas. Verifica se a paleta de cores não contém cores repetidas.",
              "timedOut": null,
              "duration": 4363,
              "state": "failed",
              "speed": null,
              "pass": false,
              "fail": true,
              "pending": false,
              "context": null,
              "code": "cy.get('.color').then(function (colors) {\n  var allColors = Array.from(colors).map(function (color) {\n    return Cypress.$(color).css('background-color');\n  });\n  cy.log(allColors);\n  var uniqColors = (0, _toConsumableArray2[\"default\"])(new Set(allColors));\n  cy.log(uniqColors);\n  expect(allColors.length).to.eq(uniqColors.length);\n});",
              "err": {
                "message": "CypressError: Timed out retrying: Expected to find element: '.color', but never found it.",
                "estack": "CypressError: Timed out retrying: Expected to find element: '.color', but never found it.\n    at cypressErr (http://localhost:46557/__cypress/runner/cypress_runner.js:149934:9)\n    at throwErr (http://localhost:46557/__cypress/runner/cypress_runner.js:149867:11)\n    at Object.throwErrByPath (http://localhost:46557/__cypress/runner/cypress_runner.js:149915:3)\n    at retry (http://localhost:46557/__cypress/runner/cypress_runner.js:144197:19)\n    at onFailFn (http://localhost:46557/__cypress/runner/cypress_runner.js:132448:16)\n    at tryCatcher (http://localhost:46557/__cypress/runner/cypress_runner.js:167415:23)\n    at Promise._settlePromiseFromHandler (http://localhost:46557/__cypress/runner/cypress_runner.js:165351:31)\n    at Promise._settlePromise (http://localhost:46557/__cypress/runner/cypress_runner.js:165408:18)\n    at Promise._settlePromise0 (http://localhost:46557/__cypress/runner/cypress_runner.js:165453:10)\n    at Promise._settlePromises (http://localhost:46557/__cypress/runner/cypress_runner.js:165528:18)\n    at Async../node_modules/bluebird/js/release/async.js.Async._drainQueue (http://localhost:46557/__cypress/runner/cypress_runner.js:162140:16)\n    at Async../node_modules/bluebird/js/release/async.js.Async._drainQueues (http://localhost:46557/__cypress/runner/cypress_runner.js:162150:10)\n    at Async.drainQueues (http://localhost:46557/__cypress/runner/cypress_runner.js:162024:14)",
                "diff": null
              },
              "uuid": "7ac950c3-f454-4df9-8831-83e8001d2825",
              "parentUUID": "8de4e987-7c86-45d1-aece-8ba0a715f8dc",
              "isHook": false,
              "skipped": false
            }
          ],
          "suites": [],
          "passes": [],
          "failures": [
            "58db6aec-047a-42cb-b18f-6455c03fa462",
            "b4c8afd9-a82e-4698-819e-7c4b348d8891",
            "a05d8edf-0260-40f0-be2d-cb7d0add26a6",
            "91a11ed4-8c16-477d-84cc-44c8e3f7b5de",
            "41c86a9f-f8ac-4aaf-9d74-2053cc08b876",
            "e5524e6e-6b31-477d-827e-4e4543bf5761",
            "7ac950c3-f454-4df9-8831-83e8001d2825"
          ],
          "pending": [],
          "skipped": [],
          "duration": 30722,
          "root": false,
          "rootEmpty": false,
          "_timeout": 2000
        },
        {
          "uuid": "f4590b09-8ff3-4280-9287-1416733c4448",
          "title": "3 - Adicione a cor **preta** como a primeira cor da paleta de cores.",
          "fullFile": "",
          "file": "",
          "beforeHooks": [],
          "afterHooks": [],
          "tests": [
            {
              "title": "Verifica se a primeira cor da paleta é preta",
              "fullTitle": "3 - Adicione a cor **preta** como a primeira cor da paleta de cores. Verifica se a primeira cor da paleta é preta",
              "timedOut": null,
              "duration": 4354,
              "state": "failed",
              "speed": null,
              "pass": false,
              "fail": true,
              "pending": false,
              "context": null,
              "code": "cy.get('.color').first().should('have.css', 'background-color', BLACK);",
              "err": {
                "message": "CypressError: Timed out retrying: Expected to find element: '.color', but never found it.",
                "estack": "CypressError: Timed out retrying: Expected to find element: '.color', but never found it.\n    at cypressErr (http://localhost:46557/__cypress/runner/cypress_runner.js:149934:9)\n    at throwErr (http://localhost:46557/__cypress/runner/cypress_runner.js:149867:11)\n    at Object.throwErrByPath (http://localhost:46557/__cypress/runner/cypress_runner.js:149915:3)\n    at retry (http://localhost:46557/__cypress/runner/cypress_runner.js:144197:19)\n    at onFailFn (http://localhost:46557/__cypress/runner/cypress_runner.js:132448:16)\n    at tryCatcher (http://localhost:46557/__cypress/runner/cypress_runner.js:167415:23)\n    at Promise._settlePromiseFromHandler (http://localhost:46557/__cypress/runner/cypress_runner.js:165351:31)\n    at Promise._settlePromise (http://localhost:46557/__cypress/runner/cypress_runner.js:165408:18)\n    at Promise._settlePromise0 (http://localhost:46557/__cypress/runner/cypress_runner.js:165453:10)\n    at Promise._settlePromises (http://localhost:46557/__cypress/runner/cypress_runner.js:165528:18)\n    at Async../node_modules/bluebird/js/release/async.js.Async._drainQueue (http://localhost:46557/__cypress/runner/cypress_runner.js:162140:16)\n    at Async../node_modules/bluebird/js/release/async.js.Async._drainQueues (http://localhost:46557/__cypress/runner/cypress_runner.js:162150:10)\n    at Async.drainQueues (http://localhost:46557/__cypress/runner/cypress_runner.js:162024:14)",
                "diff": null
              },
              "uuid": "b8259659-ad76-4a06-a6ac-3211ca07e08e",
              "parentUUID": "f4590b09-8ff3-4280-9287-1416733c4448",
              "isHook": false,
              "skipped": false
            },
            {
              "title": "Verifica se as demais cores podem ser escolhidas livremente.",
              "fullTitle": "3 - Adicione a cor **preta** como a primeira cor da paleta de cores. Verifica se as demais cores podem ser escolhidas livremente.",
              "timedOut": null,
              "duration": 4397,
              "state": "failed",
              "speed": null,
              "pass": false,
              "fail": true,
              "pending": false,
              "context": null,
              "code": "cy.get('.color').eq(1).should('not.have.css', 'background-color', BLACK);\ncy.get('.color').eq(1).should('not.have.css', 'background-color', WHITE);\ncy.get('.color').eq(1).should('not.have.css', 'background-color', 'rgba(0, 0, 0, 0)');\ncy.get('.color').eq(1).should('have.css', 'background-color');\ncy.get('.color').eq(2).should('not.have.css', 'background-color', BLACK);\ncy.get('.color').eq(2).should('not.have.css', 'background-color', WHITE);\ncy.get('.color').eq(2).should('not.have.css', 'background-color', 'rgba(0, 0, 0, 0)');\ncy.get('.color').eq(2).should('have.css', 'background-color');\ncy.get('.color').eq(3).should('not.have.css', 'background-color', BLACK);\ncy.get('.color').eq(3).should('not.have.css', 'background-color', WHITE);\ncy.get('.color').eq(3).should('not.have.css', 'background-color', 'rgba(0, 0, 0, 0)');\ncy.get('.color').eq(3).should('have.css', 'background-color');",
              "err": {
                "message": "CypressError: Timed out retrying: Expected to find element: '.color', but never found it.",
                "estack": "CypressError: Timed out retrying: Expected to find element: '.color', but never found it.\n    at cypressErr (http://localhost:46557/__cypress/runner/cypress_runner.js:149934:9)\n    at throwErr (http://localhost:46557/__cypress/runner/cypress_runner.js:149867:11)\n    at Object.throwErrByPath (http://localhost:46557/__cypress/runner/cypress_runner.js:149915:3)\n    at retry (http://localhost:46557/__cypress/runner/cypress_runner.js:144197:19)\n    at onFailFn (http://localhost:46557/__cypress/runner/cypress_runner.js:132448:16)\n    at tryCatcher (http://localhost:46557/__cypress/runner/cypress_runner.js:167415:23)\n    at Promise._settlePromiseFromHandler (http://localhost:46557/__cypress/runner/cypress_runner.js:165351:31)\n    at Promise._settlePromise (http://localhost:46557/__cypress/runner/cypress_runner.js:165408:18)\n    at Promise._settlePromise0 (http://localhost:46557/__cypress/runner/cypress_runner.js:165453:10)\n    at Promise._settlePromises (http://localhost:46557/__cypress/runner/cypress_runner.js:165528:18)\n    at Async../node_modules/bluebird/js/release/async.js.Async._drainQueue (http://localhost:46557/__cypress/runner/cypress_runner.js:162140:16)\n    at Async../node_modules/bluebird/js/release/async.js.Async._drainQueues (http://localhost:46557/__cypress/runner/cypress_runner.js:162150:10)\n    at Async.drainQueues (http://localhost:46557/__cypress/runner/cypress_runner.js:162024:14)",
                "diff": null
              },
              "uuid": "a7ea0e87-f6f9-425a-973a-d2e712c139e6",
              "parentUUID": "f4590b09-8ff3-4280-9287-1416733c4448",
              "isHook": false,
              "skipped": false
            }
          ],
          "suites": [],
          "passes": [],
          "failures": [
            "b8259659-ad76-4a06-a6ac-3211ca07e08e",
            "a7ea0e87-f6f9-425a-973a-d2e712c139e6"
          ],
          "pending": [],
          "skipped": [],
          "duration": 8751,
          "root": false,
          "rootEmpty": false,
          "_timeout": 2000
        },
        {
          "uuid": "eda51a17-866f-40c9-bcd4-b28185215372",
          "title": "4 - Adicione à página um quadro de pixels, com 25 pixels.",
          "fullFile": "",
          "file": "",
          "beforeHooks": [],
          "afterHooks": [],
          "tests": [
            {
              "title": "Verifica se o quadro de pixels possui o `id` denominado `pixel-board`",
              "fullTitle": "4 - Adicione à página um quadro de pixels, com 25 pixels. Verifica se o quadro de pixels possui o `id` denominado `pixel-board`",
              "timedOut": null,
              "duration": 4377,
              "state": "failed",
              "speed": null,
              "pass": false,
              "fail": true,
              "pending": false,
              "context": null,
              "code": "cy.get('#pixel-board').should('be.visible');",
              "err": {
                "message": "CypressError: Timed out retrying: Expected to find element: '#pixel-board', but never found it.",
                "estack": "CypressError: Timed out retrying: Expected to find element: '#pixel-board', but never found it.\n    at cypressErr (http://localhost:46557/__cypress/runner/cypress_runner.js:149934:9)\n    at throwErr (http://localhost:46557/__cypress/runner/cypress_runner.js:149867:11)\n    at Object.throwErrByPath (http://localhost:46557/__cypress/runner/cypress_runner.js:149915:3)\n    at retry (http://localhost:46557/__cypress/runner/cypress_runner.js:144197:19)\n    at onFailFn (http://localhost:46557/__cypress/runner/cypress_runner.js:132448:16)\n    at tryCatcher (http://localhost:46557/__cypress/runner/cypress_runner.js:167415:23)\n    at Promise._settlePromiseFromHandler (http://localhost:46557/__cypress/runner/cypress_runner.js:165351:31)\n    at Promise._settlePromise (http://localhost:46557/__cypress/runner/cypress_runner.js:165408:18)\n    at Promise._settlePromise0 (http://localhost:46557/__cypress/runner/cypress_runner.js:165453:10)\n    at Promise._settlePromises (http://localhost:46557/__cypress/runner/cypress_runner.js:165528:18)\n    at Async../node_modules/bluebird/js/release/async.js.Async._drainQueue (http://localhost:46557/__cypress/runner/cypress_runner.js:162140:16)\n    at Async../node_modules/bluebird/js/release/async.js.Async._drainQueues (http://localhost:46557/__cypress/runner/cypress_runner.js:162150:10)\n    at Async.drainQueues (http://localhost:46557/__cypress/runner/cypress_runner.js:162024:14)",
                "diff": null
              },
              "uuid": "8131d5a4-5085-4aa6-8b2c-9bb1b020bfb0",
              "parentUUID": "eda51a17-866f-40c9-bcd4-b28185215372",
              "isHook": false,
              "skipped": false
            },
            {
              "title": "Verifica se cada pixel individual dentro do quadro possui a `classe` denominada `pixel`.",
              "fullTitle": "4 - Adicione à página um quadro de pixels, com 25 pixels. Verifica se cada pixel individual dentro do quadro possui a `classe` denominada `pixel`.",
              "timedOut": null,
              "duration": 4373,
              "state": "failed",
              "speed": null,
              "pass": false,
              "fail": true,
              "pending": false,
              "context": null,
              "code": "cy.get('.pixel').should('have.length', 25);",
              "err": {
                "message": "CypressError: Timed out retrying: Expected to find element: '.pixel', but never found it.",
                "estack": "CypressError: Timed out retrying: Expected to find element: '.pixel', but never found it.\n    at cypressErr (http://localhost:46557/__cypress/runner/cypress_runner.js:149934:9)\n    at throwErr (http://localhost:46557/__cypress/runner/cypress_runner.js:149867:11)\n    at Object.throwErrByPath (http://localhost:46557/__cypress/runner/cypress_runner.js:149915:3)\n    at retry (http://localhost:46557/__cypress/runner/cypress_runner.js:144197:19)\n    at onFailFn (http://localhost:46557/__cypress/runner/cypress_runner.js:132448:16)\n    at tryCatcher (http://localhost:46557/__cypress/runner/cypress_runner.js:167415:23)\n    at Promise._settlePromiseFromHandler (http://localhost:46557/__cypress/runner/cypress_runner.js:165351:31)\n    at Promise._settlePromise (http://localhost:46557/__cypress/runner/cypress_runner.js:165408:18)\n    at Promise._settlePromise0 (http://localhost:46557/__cypress/runner/cypress_runner.js:165453:10)\n    at Promise._settlePromises (http://localhost:46557/__cypress/runner/cypress_runner.js:165528:18)\n    at Async../node_modules/bluebird/js/release/async.js.Async._drainQueue (http://localhost:46557/__cypress/runner/cypress_runner.js:162140:16)\n    at Async../node_modules/bluebird/js/release/async.js.Async._drainQueues (http://localhost:46557/__cypress/runner/cypress_runner.js:162150:10)\n    at Async.drainQueues (http://localhost:46557/__cypress/runner/cypress_runner.js:162024:14)",
                "diff": null
              },
              "uuid": "765c5f22-ac5a-4167-a5ed-fcdd82f23c08",
              "parentUUID": "eda51a17-866f-40c9-bcd4-b28185215372",
              "isHook": false,
              "skipped": false
            },
            {
              "title": "Verifica se a cor inicial dos pixels dentro do quadro, ao abrir a página, é branca.",
              "fullTitle": "4 - Adicione à página um quadro de pixels, com 25 pixels. Verifica se a cor inicial dos pixels dentro do quadro, ao abrir a página, é branca.",
              "timedOut": null,
              "duration": 4354,
              "state": "failed",
              "speed": null,
              "pass": false,
              "fail": true,
              "pending": false,
              "context": null,
              "code": "cy.get('.pixel').should('have.length', 25).each(function (pixel) {\n  expect(pixel).to.have.css('background-color', WHITE);\n});",
              "err": {
                "message": "CypressError: Timed out retrying: Expected to find element: '.pixel', but never found it.",
                "estack": "CypressError: Timed out retrying: Expected to find element: '.pixel', but never found it.\n    at cypressErr (http://localhost:46557/__cypress/runner/cypress_runner.js:149934:9)\n    at throwErr (http://localhost:46557/__cypress/runner/cypress_runner.js:149867:11)\n    at Object.throwErrByPath (http://localhost:46557/__cypress/runner/cypress_runner.js:149915:3)\n    at retry (http://localhost:46557/__cypress/runner/cypress_runner.js:144197:19)\n    at onFailFn (http://localhost:46557/__cypress/runner/cypress_runner.js:132448:16)\n    at tryCatcher (http://localhost:46557/__cypress/runner/cypress_runner.js:167415:23)\n    at Promise._settlePromiseFromHandler (http://localhost:46557/__cypress/runner/cypress_runner.js:165351:31)\n    at Promise._settlePromise (http://localhost:46557/__cypress/runner/cypress_runner.js:165408:18)\n    at Promise._settlePromise0 (http://localhost:46557/__cypress/runner/cypress_runner.js:165453:10)\n    at Promise._settlePromises (http://localhost:46557/__cypress/runner/cypress_runner.js:165528:18)\n    at Async../node_modules/bluebird/js/release/async.js.Async._drainQueue (http://localhost:46557/__cypress/runner/cypress_runner.js:162140:16)\n    at Async../node_modules/bluebird/js/release/async.js.Async._drainQueues (http://localhost:46557/__cypress/runner/cypress_runner.js:162150:10)\n    at Async.drainQueues (http://localhost:46557/__cypress/runner/cypress_runner.js:162024:14)",
                "diff": null
              },
              "uuid": "cecda26f-40f9-4822-9f9a-91c61094c97b",
              "parentUUID": "eda51a17-866f-40c9-bcd4-b28185215372",
              "isHook": false,
              "skipped": false
            },
            {
              "title": "Verifica se o quadro de pixels aparece abaixo da paleta de cores",
              "fullTitle": "4 - Adicione à página um quadro de pixels, com 25 pixels. Verifica se o quadro de pixels aparece abaixo da paleta de cores",
              "timedOut": null,
              "duration": 4373,
              "state": "failed",
              "speed": null,
              "pass": false,
              "fail": true,
              "pending": false,
              "context": null,
              "code": "cy.get('#color-palette').then(function (palette) {\n  cy.get('#pixel-board').should('be.belowOf', palette);\n});",
              "err": {
                "message": "CypressError: Timed out retrying: Expected to find element: '#color-palette', but never found it.",
                "estack": "CypressError: Timed out retrying: Expected to find element: '#color-palette', but never found it.\n    at cypressErr (http://localhost:46557/__cypress/runner/cypress_runner.js:149934:9)\n    at throwErr (http://localhost:46557/__cypress/runner/cypress_runner.js:149867:11)\n    at Object.throwErrByPath (http://localhost:46557/__cypress/runner/cypress_runner.js:149915:3)\n    at retry (http://localhost:46557/__cypress/runner/cypress_runner.js:144197:19)\n    at onFailFn (http://localhost:46557/__cypress/runner/cypress_runner.js:132448:16)\n    at tryCatcher (http://localhost:46557/__cypress/runner/cypress_runner.js:167415:23)\n    at Promise._settlePromiseFromHandler (http://localhost:46557/__cypress/runner/cypress_runner.js:165351:31)\n    at Promise._settlePromise (http://localhost:46557/__cypress/runner/cypress_runner.js:165408:18)\n    at Promise._settlePromise0 (http://localhost:46557/__cypress/runner/cypress_runner.js:165453:10)\n    at Promise._settlePromises (http://localhost:46557/__cypress/runner/cypress_runner.js:165528:18)\n    at Async../node_modules/bluebird/js/release/async.js.Async._drainQueue (http://localhost:46557/__cypress/runner/cypress_runner.js:162140:16)\n    at Async../node_modules/bluebird/js/release/async.js.Async._drainQueues (http://localhost:46557/__cypress/runner/cypress_runner.js:162150:10)\n    at Async.drainQueues (http://localhost:46557/__cypress/runner/cypress_runner.js:162024:14)",
                "diff": null
              },
              "uuid": "616cb593-208d-4f6d-8481-bb8a4276dfd8",
              "parentUUID": "eda51a17-866f-40c9-bcd4-b28185215372",
              "isHook": false,
              "skipped": false
            }
          ],
          "suites": [],
          "passes": [],
          "failures": [
            "8131d5a4-5085-4aa6-8b2c-9bb1b020bfb0",
            "765c5f22-ac5a-4167-a5ed-fcdd82f23c08",
            "cecda26f-40f9-4822-9f9a-91c61094c97b",
            "616cb593-208d-4f6d-8481-bb8a4276dfd8"
          ],
          "pending": [],
          "skipped": [],
          "duration": 17477,
          "root": false,
          "rootEmpty": false,
          "_timeout": 2000
        },
        {
          "uuid": "925b8c6b-986f-43d1-a9f8-477dadd2bfd4",
          "title": "5 - Faça com que cada elemento do quadro de pixels possua 40 pixels de largura, 40 pixels de altura e seja delimitado por uma borda preta de 1 pixel.",
          "fullFile": "",
          "file": "",
          "beforeHooks": [],
          "afterHooks": [],
          "tests": [
            {
              "title": "Verifica se o quadro de pixels tem altura e comprimento de 5 elementos",
              "fullTitle": "5 - Faça com que cada elemento do quadro de pixels possua 40 pixels de largura, 40 pixels de altura e seja delimitado por uma borda preta de 1 pixel. Verifica se o quadro de pixels tem altura e comprimento de 5 elementos",
              "timedOut": null,
              "duration": 4399,
              "state": "failed",
              "speed": null,
              "pass": false,
              "fail": true,
              "pending": false,
              "context": null,
              "code": "cy.get('.pixel').should('have.length', 25).each(function (pixel) {\n  expect(pixel).to.have.css('background-color', WHITE);\n}).and(function (pixels) {\n  var rows = chunk(pixels, 5);\n  rows.forEach(function (row) {\n    for (var index = 1; index < row.length; index += 1) {\n      var current = pixels[index];\n      var previous = pixels[index - 1];\n      cy.wrap(current).should('be.onTheRightOf', previous).and('be.horizontallyAlignedWith', previous);\n    }\n  });\n  for (var index = 1; index < 5; index += 1) {\n    expect(pixels[index * 5]).to.be.belowOf(pixels[(index - 1) * 5]);\n  }\n});",
              "err": {
                "message": "CypressError: Timed out retrying: Expected to find element: '.pixel', but never found it.",
                "estack": "CypressError: Timed out retrying: Expected to find element: '.pixel', but never found it.\n    at cypressErr (http://localhost:46557/__cypress/runner/cypress_runner.js:149934:9)\n    at throwErr (http://localhost:46557/__cypress/runner/cypress_runner.js:149867:11)\n    at Object.throwErrByPath (http://localhost:46557/__cypress/runner/cypress_runner.js:149915:3)\n    at retry (http://localhost:46557/__cypress/runner/cypress_runner.js:144197:19)\n    at onFailFn (http://localhost:46557/__cypress/runner/cypress_runner.js:132448:16)\n    at tryCatcher (http://localhost:46557/__cypress/runner/cypress_runner.js:167415:23)\n    at Promise._settlePromiseFromHandler (http://localhost:46557/__cypress/runner/cypress_runner.js:165351:31)\n    at Promise._settlePromise (http://localhost:46557/__cypress/runner/cypress_runner.js:165408:18)\n    at Promise._settlePromise0 (http://localhost:46557/__cypress/runner/cypress_runner.js:165453:10)\n    at Promise._settlePromises (http://localhost:46557/__cypress/runner/cypress_runner.js:165528:18)\n    at Async../node_modules/bluebird/js/release/async.js.Async._drainQueue (http://localhost:46557/__cypress/runner/cypress_runner.js:162140:16)\n    at Async../node_modules/bluebird/js/release/async.js.Async._drainQueues (http://localhost:46557/__cypress/runner/cypress_runner.js:162150:10)\n    at Async.drainQueues (http://localhost:46557/__cypress/runner/cypress_runner.js:162024:14)",
                "diff": null
              },
              "uuid": "44952d48-b0e8-47bb-8b3e-b9c06d1b839d",
              "parentUUID": "925b8c6b-986f-43d1-a9f8-477dadd2bfd4",
              "isHook": false,
              "skipped": false
            },
            {
              "title": "Verifica se 40 pixels é o tamanho total do elemento, incluindo seu conteúdo e excluindo a borda preta, que deve ser criada à parte.",
              "fullTitle": "5 - Faça com que cada elemento do quadro de pixels possua 40 pixels de largura, 40 pixels de altura e seja delimitado por uma borda preta de 1 pixel. Verifica se 40 pixels é o tamanho total do elemento, incluindo seu conteúdo e excluindo a borda preta, que deve ser criada à parte.",
              "timedOut": null,
              "duration": 4368,
              "state": "failed",
              "speed": null,
              "pass": false,
              "fail": true,
              "pending": false,
              "context": null,
              "code": "cy.get('.pixel').each(function (pixel) {\n  cy.wrap(pixel).should('have.css', 'height', '40px').and('have.css', 'width', '40px').and('have.css', 'border', \"1px solid \".concat(BLACK));\n});",
              "err": {
                "message": "CypressError: Timed out retrying: Expected to find element: '.pixel', but never found it.",
                "estack": "CypressError: Timed out retrying: Expected to find element: '.pixel', but never found it.\n    at cypressErr (http://localhost:46557/__cypress/runner/cypress_runner.js:149934:9)\n    at throwErr (http://localhost:46557/__cypress/runner/cypress_runner.js:149867:11)\n    at Object.throwErrByPath (http://localhost:46557/__cypress/runner/cypress_runner.js:149915:3)\n    at retry (http://localhost:46557/__cypress/runner/cypress_runner.js:144197:19)\n    at onFailFn (http://localhost:46557/__cypress/runner/cypress_runner.js:132448:16)\n    at tryCatcher (http://localhost:46557/__cypress/runner/cypress_runner.js:167415:23)\n    at Promise._settlePromiseFromHandler (http://localhost:46557/__cypress/runner/cypress_runner.js:165351:31)\n    at Promise._settlePromise (http://localhost:46557/__cypress/runner/cypress_runner.js:165408:18)\n    at Promise._settlePromise0 (http://localhost:46557/__cypress/runner/cypress_runner.js:165453:10)\n    at Promise._settlePromises (http://localhost:46557/__cypress/runner/cypress_runner.js:165528:18)\n    at Async../node_modules/bluebird/js/release/async.js.Async._drainQueue (http://localhost:46557/__cypress/runner/cypress_runner.js:162140:16)\n    at Async../node_modules/bluebird/js/release/async.js.Async._drainQueues (http://localhost:46557/__cypress/runner/cypress_runner.js:162150:10)\n    at Async.drainQueues (http://localhost:46557/__cypress/runner/cypress_runner.js:162024:14)",
                "diff": null
              },
              "uuid": "8066ba1b-2b32-4625-9ac7-a599944a0b33",
              "parentUUID": "925b8c6b-986f-43d1-a9f8-477dadd2bfd4",
              "isHook": false,
              "skipped": false
            }
          ],
          "suites": [],
          "passes": [],
          "failures": [
            "44952d48-b0e8-47bb-8b3e-b9c06d1b839d",
            "8066ba1b-2b32-4625-9ac7-a599944a0b33"
          ],
          "pending": [],
          "skipped": [],
          "duration": 8767,
          "root": false,
          "rootEmpty": false,
          "_timeout": 2000
        },
        {
          "uuid": "73651338-d08f-4551-be29-8cfec30c7b07",
          "title": "6 - Defina a cor preta como cor inicial. Ao carregar a página a cor preta já deve estar selecionada para pintar os pixels",
          "fullFile": "",
          "file": "",
          "beforeHooks": [],
          "afterHooks": [],
          "tests": [
            {
              "title": "Verifica se o elemento da cor preta possui, inicialmente, a `classe` `selected`",
              "fullTitle": "6 - Defina a cor preta como cor inicial. Ao carregar a página a cor preta já deve estar selecionada para pintar os pixels Verifica se o elemento da cor preta possui, inicialmente, a `classe` `selected`",
              "timedOut": null,
              "duration": 4364,
              "state": "failed",
              "speed": null,
              "pass": false,
              "fail": true,
              "pending": false,
              "context": null,
              "code": "cy.get('.selected').first().should('have.css', 'background-color', BLACK);",
              "err": {
                "message": "CypressError: Timed out retrying: Expected to find element: '.selected', but never found it.",
                "estack": "CypressError: Timed out retrying: Expected to find element: '.selected', but never found it.\n    at cypressErr (http://localhost:46557/__cypress/runner/cypress_runner.js:149934:9)\n    at throwErr (http://localhost:46557/__cypress/runner/cypress_runner.js:149867:11)\n    at Object.throwErrByPath (http://localhost:46557/__cypress/runner/cypress_runner.js:149915:3)\n    at retry (http://localhost:46557/__cypress/runner/cypress_runner.js:144197:19)\n    at onFailFn (http://localhost:46557/__cypress/runner/cypress_runner.js:132448:16)\n    at tryCatcher (http://localhost:46557/__cypress/runner/cypress_runner.js:167415:23)\n    at Promise._settlePromiseFromHandler (http://localhost:46557/__cypress/runner/cypress_runner.js:165351:31)\n    at Promise._settlePromise (http://localhost:46557/__cypress/runner/cypress_runner.js:165408:18)\n    at Promise._settlePromise0 (http://localhost:46557/__cypress/runner/cypress_runner.js:165453:10)\n    at Promise._settlePromises (http://localhost:46557/__cypress/runner/cypress_runner.js:165528:18)\n    at Async../node_modules/bluebird/js/release/async.js.Async._drainQueue (http://localhost:46557/__cypress/runner/cypress_runner.js:162140:16)\n    at Async../node_modules/bluebird/js/release/async.js.Async._drainQueues (http://localhost:46557/__cypress/runner/cypress_runner.js:162150:10)\n    at Async.drainQueues (http://localhost:46557/__cypress/runner/cypress_runner.js:162024:14)",
                "diff": null
              },
              "uuid": "3f5fc113-54b2-44af-8559-da7e48147425",
              "parentUUID": "73651338-d08f-4551-be29-8cfec30c7b07",
              "isHook": false,
              "skipped": false
            },
            {
              "title": "Verifica se nenhuma outra cor da paleta tem a `classe` `selected`",
              "fullTitle": "6 - Defina a cor preta como cor inicial. Ao carregar a página a cor preta já deve estar selecionada para pintar os pixels Verifica se nenhuma outra cor da paleta tem a `classe` `selected`",
              "timedOut": null,
              "duration": 4395,
              "state": "failed",
              "speed": null,
              "pass": false,
              "fail": true,
              "pending": false,
              "context": null,
              "code": "cy.get('.color:not(:first-child)').each(function (color) {\n  cy.wrap(color).should('not.have.class', 'selected');\n});",
              "err": {
                "message": "CypressError: Timed out retrying: Expected to find element: '.color:not(:first-child)', but never found it.",
                "estack": "CypressError: Timed out retrying: Expected to find element: '.color:not(:first-child)', but never found it.\n    at cypressErr (http://localhost:46557/__cypress/runner/cypress_runner.js:149934:9)\n    at throwErr (http://localhost:46557/__cypress/runner/cypress_runner.js:149867:11)\n    at Object.throwErrByPath (http://localhost:46557/__cypress/runner/cypress_runner.js:149915:3)\n    at retry (http://localhost:46557/__cypress/runner/cypress_runner.js:144197:19)\n    at onFailFn (http://localhost:46557/__cypress/runner/cypress_runner.js:132448:16)\n    at tryCatcher (http://localhost:46557/__cypress/runner/cypress_runner.js:167415:23)\n    at Promise._settlePromiseFromHandler (http://localhost:46557/__cypress/runner/cypress_runner.js:165351:31)\n    at Promise._settlePromise (http://localhost:46557/__cypress/runner/cypress_runner.js:165408:18)\n    at Promise._settlePromise0 (http://localhost:46557/__cypress/runner/cypress_runner.js:165453:10)\n    at Promise._settlePromises (http://localhost:46557/__cypress/runner/cypress_runner.js:165528:18)\n    at Async../node_modules/bluebird/js/release/async.js.Async._drainQueue (http://localhost:46557/__cypress/runner/cypress_runner.js:162140:16)\n    at Async../node_modules/bluebird/js/release/async.js.Async._drainQueues (http://localhost:46557/__cypress/runner/cypress_runner.js:162150:10)\n    at Async.drainQueues (http://localhost:46557/__cypress/runner/cypress_runner.js:162024:14)",
                "diff": null
              },
              "uuid": "b3ee8058-6497-4339-9954-13217ff02d72",
              "parentUUID": "73651338-d08f-4551-be29-8cfec30c7b07",
              "isHook": false,
              "skipped": false
            }
          ],
          "suites": [],
          "passes": [],
          "failures": [
            "3f5fc113-54b2-44af-8559-da7e48147425",
            "b3ee8058-6497-4339-9954-13217ff02d72"
          ],
          "pending": [],
          "skipped": [],
          "duration": 8759,
          "root": false,
          "rootEmpty": false,
          "_timeout": 2000
        },
        {
          "uuid": "cf7e8b69-593c-47a6-964d-a63c2df74108",
          "title": "7 - Clicar em uma das cores da paleta, faz com que ela seja selecionada e utilizada para preencher os pixels no quadro.",
          "fullFile": "",
          "file": "",
          "beforeHooks": [],
          "afterHooks": [],
          "tests": [
            {
              "title": "Verifica se somente uma cor da paleta de cores tem a classe `selected` de cada vez",
              "fullTitle": "7 - Clicar em uma das cores da paleta, faz com que ela seja selecionada e utilizada para preencher os pixels no quadro. Verifica se somente uma cor da paleta de cores tem a classe `selected` de cada vez",
              "timedOut": null,
              "duration": 4394,
              "state": "failed",
              "speed": null,
              "pass": false,
              "fail": true,
              "pending": false,
              "context": null,
              "code": "cy.get('.color').each(function (selectedColor, selectedColorIndex) {\n  cy.wrap(selectedColor).click();\n  cy.get('.color').each(function (color, colorIndex) {\n    if (colorIndex === selectedColorIndex) {\n      expect(color).to.have[\"class\"]('selected');\n    } else {\n      expect(color).not.to.have[\"class\"]('selected');\n    }\n  });\n});",
              "err": {
                "message": "CypressError: Timed out retrying: Expected to find element: '.color', but never found it.",
                "estack": "CypressError: Timed out retrying: Expected to find element: '.color', but never found it.\n    at cypressErr (http://localhost:46557/__cypress/runner/cypress_runner.js:149934:9)\n    at throwErr (http://localhost:46557/__cypress/runner/cypress_runner.js:149867:11)\n    at Object.throwErrByPath (http://localhost:46557/__cypress/runner/cypress_runner.js:149915:3)\n    at retry (http://localhost:46557/__cypress/runner/cypress_runner.js:144197:19)\n    at onFailFn (http://localhost:46557/__cypress/runner/cypress_runner.js:132448:16)\n    at tryCatcher (http://localhost:46557/__cypress/runner/cypress_runner.js:167415:23)\n    at Promise._settlePromiseFromHandler (http://localhost:46557/__cypress/runner/cypress_runner.js:165351:31)\n    at Promise._settlePromise (http://localhost:46557/__cypress/runner/cypress_runner.js:165408:18)\n    at Promise._settlePromise0 (http://localhost:46557/__cypress/runner/cypress_runner.js:165453:10)\n    at Promise._settlePromises (http://localhost:46557/__cypress/runner/cypress_runner.js:165528:18)\n    at Async../node_modules/bluebird/js/release/async.js.Async._drainQueue (http://localhost:46557/__cypress/runner/cypress_runner.js:162140:16)\n    at Async../node_modules/bluebird/js/release/async.js.Async._drainQueues (http://localhost:46557/__cypress/runner/cypress_runner.js:162150:10)\n    at Async.drainQueues (http://localhost:46557/__cypress/runner/cypress_runner.js:162024:14)",
                "diff": null
              },
              "uuid": "7ffae985-42c3-4f56-b34d-235971e9b901",
              "parentUUID": "cf7e8b69-593c-47a6-964d-a63c2df74108",
              "isHook": false,
              "skipped": false
            },
            {
              "title": "Verifica se os pixels dentro do quadro não têm a classe `selected` quando são clicados",
              "fullTitle": "7 - Clicar em uma das cores da paleta, faz com que ela seja selecionada e utilizada para preencher os pixels no quadro. Verifica se os pixels dentro do quadro não têm a classe `selected` quando são clicados",
              "timedOut": null,
              "duration": 4354,
              "state": "failed",
              "speed": null,
              "pass": false,
              "fail": true,
              "pending": false,
              "context": null,
              "code": "cy.get('.color').each(function (color) {\n  var backgroundColor = color.css('background-color');\n  cy.wrap(color).click();\n  cy.get('.pixel').each(function (pixel) {\n    cy.wrap(pixel).click().should('not.have.class', 'selected');\n  });\n});",
              "err": {
                "message": "CypressError: Timed out retrying: Expected to find element: '.color', but never found it.",
                "estack": "CypressError: Timed out retrying: Expected to find element: '.color', but never found it.\n    at cypressErr (http://localhost:46557/__cypress/runner/cypress_runner.js:149934:9)\n    at throwErr (http://localhost:46557/__cypress/runner/cypress_runner.js:149867:11)\n    at Object.throwErrByPath (http://localhost:46557/__cypress/runner/cypress_runner.js:149915:3)\n    at retry (http://localhost:46557/__cypress/runner/cypress_runner.js:144197:19)\n    at onFailFn (http://localhost:46557/__cypress/runner/cypress_runner.js:132448:16)\n    at tryCatcher (http://localhost:46557/__cypress/runner/cypress_runner.js:167415:23)\n    at Promise._settlePromiseFromHandler (http://localhost:46557/__cypress/runner/cypress_runner.js:165351:31)\n    at Promise._settlePromise (http://localhost:46557/__cypress/runner/cypress_runner.js:165408:18)\n    at Promise._settlePromise0 (http://localhost:46557/__cypress/runner/cypress_runner.js:165453:10)\n    at Promise._settlePromises (http://localhost:46557/__cypress/runner/cypress_runner.js:165528:18)\n    at Async../node_modules/bluebird/js/release/async.js.Async._drainQueue (http://localhost:46557/__cypress/runner/cypress_runner.js:162140:16)\n    at Async../node_modules/bluebird/js/release/async.js.Async._drainQueues (http://localhost:46557/__cypress/runner/cypress_runner.js:162150:10)\n    at Async.drainQueues (http://localhost:46557/__cypress/runner/cypress_runner.js:162024:14)",
                "diff": null
              },
              "uuid": "fdf83ad7-f477-4019-8471-ec16786b3715",
              "parentUUID": "cf7e8b69-593c-47a6-964d-a63c2df74108",
              "isHook": false,
              "skipped": false
            }
          ],
          "suites": [],
          "passes": [],
          "failures": [
            "7ffae985-42c3-4f56-b34d-235971e9b901",
            "fdf83ad7-f477-4019-8471-ec16786b3715"
          ],
          "pending": [],
          "skipped": [],
          "duration": 8748,
          "root": false,
          "rootEmpty": false,
          "_timeout": 2000
        },
        {
          "uuid": "b8109b74-be62-4c65-a2c6-d9ae1dd5f2b9",
          "title": "8 - Clicar em um pixel dentro do quadro após selecionar uma cor na paleta, faz com que o pixel seja preenchido com a cor selecionada.",
          "fullFile": "",
          "file": "",
          "beforeHooks": [],
          "afterHooks": [],
          "tests": [
            {
              "title": "Verifica se ao carregar a página deve ser possível pintar os pixels de preto",
              "fullTitle": "8 - Clicar em um pixel dentro do quadro após selecionar uma cor na paleta, faz com que o pixel seja preenchido com a cor selecionada. Verifica se ao carregar a página deve ser possível pintar os pixels de preto",
              "timedOut": null,
              "duration": 4374,
              "state": "failed",
              "speed": null,
              "pass": false,
              "fail": true,
              "pending": false,
              "context": null,
              "code": "cy.get('.pixel').each(function (pixel) {\n  cy.wrap(pixel).click().should('have.css', 'background-color', BLACK);\n});",
              "err": {
                "message": "CypressError: Timed out retrying: Expected to find element: '.pixel', but never found it.",
                "estack": "CypressError: Timed out retrying: Expected to find element: '.pixel', but never found it.\n    at cypressErr (http://localhost:46557/__cypress/runner/cypress_runner.js:149934:9)\n    at throwErr (http://localhost:46557/__cypress/runner/cypress_runner.js:149867:11)\n    at Object.throwErrByPath (http://localhost:46557/__cypress/runner/cypress_runner.js:149915:3)\n    at retry (http://localhost:46557/__cypress/runner/cypress_runner.js:144197:19)\n    at onFailFn (http://localhost:46557/__cypress/runner/cypress_runner.js:132448:16)\n    at tryCatcher (http://localhost:46557/__cypress/runner/cypress_runner.js:167415:23)\n    at Promise._settlePromiseFromHandler (http://localhost:46557/__cypress/runner/cypress_runner.js:165351:31)\n    at Promise._settlePromise (http://localhost:46557/__cypress/runner/cypress_runner.js:165408:18)\n    at Promise._settlePromise0 (http://localhost:46557/__cypress/runner/cypress_runner.js:165453:10)\n    at Promise._settlePromises (http://localhost:46557/__cypress/runner/cypress_runner.js:165528:18)\n    at Async../node_modules/bluebird/js/release/async.js.Async._drainQueue (http://localhost:46557/__cypress/runner/cypress_runner.js:162140:16)\n    at Async../node_modules/bluebird/js/release/async.js.Async._drainQueues (http://localhost:46557/__cypress/runner/cypress_runner.js:162150:10)\n    at Async.drainQueues (http://localhost:46557/__cypress/runner/cypress_runner.js:162024:14)",
                "diff": null
              },
              "uuid": "3249a6a4-b839-4751-8aff-a093350b380b",
              "parentUUID": "b8109b74-be62-4c65-a2c6-d9ae1dd5f2b9",
              "isHook": false,
              "skipped": false
            },
            {
              "title": "Verifica se após selecionar uma outra cor na paleta, é possível pintar os pixels com essa cor",
              "fullTitle": "8 - Clicar em um pixel dentro do quadro após selecionar uma cor na paleta, faz com que o pixel seja preenchido com a cor selecionada. Verifica se após selecionar uma outra cor na paleta, é possível pintar os pixels com essa cor",
              "timedOut": null,
              "duration": 4470,
              "state": "failed",
              "speed": null,
              "pass": false,
              "fail": true,
              "pending": false,
              "context": null,
              "code": "cy.get('.color').each(function (color) {\n  var backgroundColor = color.css('background-color');\n  cy.wrap(color).click();\n  cy.get('.pixel').each(function (pixel) {\n    cy.wrap(pixel).click().should('have.css', 'background-color', backgroundColor);\n  });\n});",
              "err": {
                "message": "CypressError: Timed out retrying: Expected to find element: '.color', but never found it.",
                "estack": "CypressError: Timed out retrying: Expected to find element: '.color', but never found it.\n    at cypressErr (http://localhost:46557/__cypress/runner/cypress_runner.js:149934:9)\n    at throwErr (http://localhost:46557/__cypress/runner/cypress_runner.js:149867:11)\n    at Object.throwErrByPath (http://localhost:46557/__cypress/runner/cypress_runner.js:149915:3)\n    at retry (http://localhost:46557/__cypress/runner/cypress_runner.js:144197:19)\n    at onFailFn (http://localhost:46557/__cypress/runner/cypress_runner.js:132448:16)\n    at tryCatcher (http://localhost:46557/__cypress/runner/cypress_runner.js:167415:23)\n    at Promise._settlePromiseFromHandler (http://localhost:46557/__cypress/runner/cypress_runner.js:165351:31)\n    at Promise._settlePromise (http://localhost:46557/__cypress/runner/cypress_runner.js:165408:18)\n    at Promise._settlePromise0 (http://localhost:46557/__cypress/runner/cypress_runner.js:165453:10)\n    at Promise._settlePromises (http://localhost:46557/__cypress/runner/cypress_runner.js:165528:18)\n    at Async../node_modules/bluebird/js/release/async.js.Async._drainQueue (http://localhost:46557/__cypress/runner/cypress_runner.js:162140:16)\n    at Async../node_modules/bluebird/js/release/async.js.Async._drainQueues (http://localhost:46557/__cypress/runner/cypress_runner.js:162150:10)\n    at Async.drainQueues (http://localhost:46557/__cypress/runner/cypress_runner.js:162024:14)",
                "diff": null
              },
              "uuid": "b1e19917-003b-4c08-bff5-cf6d3cb00017",
              "parentUUID": "b8109b74-be62-4c65-a2c6-d9ae1dd5f2b9",
              "isHook": false,
              "skipped": false
            },
            {
              "title": "Verifica se somente o pixel que foi clicado foi preenchido com a cor selecionada, sem influenciar na cor dos demais pixels.",
              "fullTitle": "8 - Clicar em um pixel dentro do quadro após selecionar uma cor na paleta, faz com que o pixel seja preenchido com a cor selecionada. Verifica se somente o pixel que foi clicado foi preenchido com a cor selecionada, sem influenciar na cor dos demais pixels.",
              "timedOut": null,
              "duration": 4401,
              "state": "failed",
              "speed": null,
              "pass": false,
              "fail": true,
              "pending": false,
              "context": null,
              "code": "var colorToPixelIndexMap = {\n  0: 6,\n  1: 8,\n  2: 16,\n  3: 18\n};\ncy.get('.color').each(function (color, index) {\n  cy.wrap(color).click();\n  var backgroundColor = color.css('background-color');\n  var clickedPixelIndex = colorToPixelIndexMap[index];\n  cy.get('.pixel').eq(clickedPixelIndex).click();\n  cy.get('.pixel').eq(clickedPixelIndex - 1).should('not.have.css', 'background-color', backgroundColor);\n  cy.get('.pixel').eq(clickedPixelIndex + 1).should('not.have.css', 'background-color', backgroundColor);\n  cy.get('.pixel').eq(clickedPixelIndex - 5).should('not.have.css', 'background-color', backgroundColor);\n  cy.get('.pixel').eq(clickedPixelIndex + 5).should('not.have.css', 'background-color', backgroundColor);\n  cy.get('.pixel').eq(clickedPixelIndex - 6).should('not.have.css', 'background-color', backgroundColor);\n  cy.get('.pixel').eq(clickedPixelIndex - 4).should('not.have.css', 'background-color', backgroundColor);\n  cy.get('.pixel').eq(clickedPixelIndex + 4).should('not.have.css', 'background-color', backgroundColor);\n  cy.get('.pixel').eq(clickedPixelIndex + 6).should('not.have.css', 'background-color', backgroundColor);\n});",
              "err": {
                "message": "CypressError: Timed out retrying: Expected to find element: '.color', but never found it.",
                "estack": "CypressError: Timed out retrying: Expected to find element: '.color', but never found it.\n    at cypressErr (http://localhost:46557/__cypress/runner/cypress_runner.js:149934:9)\n    at throwErr (http://localhost:46557/__cypress/runner/cypress_runner.js:149867:11)\n    at Object.throwErrByPath (http://localhost:46557/__cypress/runner/cypress_runner.js:149915:3)\n    at retry (http://localhost:46557/__cypress/runner/cypress_runner.js:144197:19)\n    at onFailFn (http://localhost:46557/__cypress/runner/cypress_runner.js:132448:16)\n    at tryCatcher (http://localhost:46557/__cypress/runner/cypress_runner.js:167415:23)\n    at Promise._settlePromiseFromHandler (http://localhost:46557/__cypress/runner/cypress_runner.js:165351:31)\n    at Promise._settlePromise (http://localhost:46557/__cypress/runner/cypress_runner.js:165408:18)\n    at Promise._settlePromise0 (http://localhost:46557/__cypress/runner/cypress_runner.js:165453:10)\n    at Promise._settlePromises (http://localhost:46557/__cypress/runner/cypress_runner.js:165528:18)\n    at Async../node_modules/bluebird/js/release/async.js.Async._drainQueue (http://localhost:46557/__cypress/runner/cypress_runner.js:162140:16)\n    at Async../node_modules/bluebird/js/release/async.js.Async._drainQueues (http://localhost:46557/__cypress/runner/cypress_runner.js:162150:10)\n    at Async.drainQueues (http://localhost:46557/__cypress/runner/cypress_runner.js:162024:14)",
                "diff": null
              },
              "uuid": "24da35cb-11b0-4771-8f83-8f3da8fbe919",
              "parentUUID": "b8109b74-be62-4c65-a2c6-d9ae1dd5f2b9",
              "isHook": false,
              "skipped": false
            }
          ],
          "suites": [],
          "passes": [],
          "failures": [
            "3249a6a4-b839-4751-8aff-a093350b380b",
            "b1e19917-003b-4c08-bff5-cf6d3cb00017",
            "24da35cb-11b0-4771-8f83-8f3da8fbe919"
          ],
          "pending": [],
          "skipped": [],
          "duration": 13245,
          "root": false,
          "rootEmpty": false,
          "_timeout": 2000
        },
        {
          "uuid": "926cfc76-3e43-44fe-9473-7837478452eb",
          "title": "9 - Crie um botão que, ao ser clicado, limpa o quadro preenchendo a cor de todos seus pixels com branco.",
          "fullFile": "",
          "file": "",
          "beforeHooks": [],
          "afterHooks": [],
          "tests": [
            {
              "title": "Verifica se o botão tem o `id` denominado `clear-board`",
              "fullTitle": "9 - Crie um botão que, ao ser clicado, limpa o quadro preenchendo a cor de todos seus pixels com branco. Verifica se o botão tem o `id` denominado `clear-board`",
              "timedOut": null,
              "duration": 4453,
              "state": "failed",
              "speed": null,
              "pass": false,
              "fail": true,
              "pending": false,
              "context": null,
              "code": "cy.get('#clear-board').should('be.visible');",
              "err": {
                "message": "CypressError: Timed out retrying: Expected to find element: '#clear-board', but never found it.",
                "estack": "CypressError: Timed out retrying: Expected to find element: '#clear-board', but never found it.\n    at cypressErr (http://localhost:46557/__cypress/runner/cypress_runner.js:149934:9)\n    at throwErr (http://localhost:46557/__cypress/runner/cypress_runner.js:149867:11)\n    at Object.throwErrByPath (http://localhost:46557/__cypress/runner/cypress_runner.js:149915:3)\n    at retry (http://localhost:46557/__cypress/runner/cypress_runner.js:144197:19)\n    at onFailFn (http://localhost:46557/__cypress/runner/cypress_runner.js:132448:16)\n    at tryCatcher (http://localhost:46557/__cypress/runner/cypress_runner.js:167415:23)\n    at Promise._settlePromiseFromHandler (http://localhost:46557/__cypress/runner/cypress_runner.js:165351:31)\n    at Promise._settlePromise (http://localhost:46557/__cypress/runner/cypress_runner.js:165408:18)\n    at Promise._settlePromise0 (http://localhost:46557/__cypress/runner/cypress_runner.js:165453:10)\n    at Promise._settlePromises (http://localhost:46557/__cypress/runner/cypress_runner.js:165528:18)\n    at Async../node_modules/bluebird/js/release/async.js.Async._drainQueue (http://localhost:46557/__cypress/runner/cypress_runner.js:162140:16)\n    at Async../node_modules/bluebird/js/release/async.js.Async._drainQueues (http://localhost:46557/__cypress/runner/cypress_runner.js:162150:10)\n    at Async.drainQueues (http://localhost:46557/__cypress/runner/cypress_runner.js:162024:14)",
                "diff": null
              },
              "uuid": "a9f1c2af-513f-4aaf-86bb-850d737c1e08",
              "parentUUID": "926cfc76-3e43-44fe-9473-7837478452eb",
              "isHook": false,
              "skipped": false
            },
            {
              "title": "Verifica se o botão está posicionado entre a paleta de cores e o quadro de pixels",
              "fullTitle": "9 - Crie um botão que, ao ser clicado, limpa o quadro preenchendo a cor de todos seus pixels com branco. Verifica se o botão está posicionado entre a paleta de cores e o quadro de pixels",
              "timedOut": null,
              "duration": 4363,
              "state": "failed",
              "speed": null,
              "pass": false,
              "fail": true,
              "pending": false,
              "context": null,
              "code": "cy.get('#color-palette').then(function (palette) {\n  cy.get('#clear-board').should('be.belowOf', palette);\n});\ncy.get('#clear-board').then(function (clearBtn) {\n  cy.get('#pixel-board').should('be.belowOf', clearBtn);\n});",
              "err": {
                "message": "CypressError: Timed out retrying: Expected to find element: '#color-palette', but never found it.",
                "estack": "CypressError: Timed out retrying: Expected to find element: '#color-palette', but never found it.\n    at cypressErr (http://localhost:46557/__cypress/runner/cypress_runner.js:149934:9)\n    at throwErr (http://localhost:46557/__cypress/runner/cypress_runner.js:149867:11)\n    at Object.throwErrByPath (http://localhost:46557/__cypress/runner/cypress_runner.js:149915:3)\n    at retry (http://localhost:46557/__cypress/runner/cypress_runner.js:144197:19)\n    at onFailFn (http://localhost:46557/__cypress/runner/cypress_runner.js:132448:16)\n    at tryCatcher (http://localhost:46557/__cypress/runner/cypress_runner.js:167415:23)\n    at Promise._settlePromiseFromHandler (http://localhost:46557/__cypress/runner/cypress_runner.js:165351:31)\n    at Promise._settlePromise (http://localhost:46557/__cypress/runner/cypress_runner.js:165408:18)\n    at Promise._settlePromise0 (http://localhost:46557/__cypress/runner/cypress_runner.js:165453:10)\n    at Promise._settlePromises (http://localhost:46557/__cypress/runner/cypress_runner.js:165528:18)\n    at Async../node_modules/bluebird/js/release/async.js.Async._drainQueue (http://localhost:46557/__cypress/runner/cypress_runner.js:162140:16)\n    at Async../node_modules/bluebird/js/release/async.js.Async._drainQueues (http://localhost:46557/__cypress/runner/cypress_runner.js:162150:10)\n    at Async.drainQueues (http://localhost:46557/__cypress/runner/cypress_runner.js:162024:14)",
                "diff": null
              },
              "uuid": "e9568cd9-f3fd-47e8-842d-dea8d8a8d1ba",
              "parentUUID": "926cfc76-3e43-44fe-9473-7837478452eb",
              "isHook": false,
              "skipped": false
            },
            {
              "title": "Verifica se o texto do botão é 'Limpar'",
              "fullTitle": "9 - Crie um botão que, ao ser clicado, limpa o quadro preenchendo a cor de todos seus pixels com branco. Verifica se o texto do botão é 'Limpar'",
              "timedOut": null,
              "duration": 4422,
              "state": "failed",
              "speed": null,
              "pass": false,
              "fail": true,
              "pending": false,
              "context": null,
              "code": "cy.get('#clear-board').should('contain.text', 'Limpar');",
              "err": {
                "message": "CypressError: Timed out retrying: Expected to find element: '#clear-board', but never found it.",
                "estack": "CypressError: Timed out retrying: Expected to find element: '#clear-board', but never found it.\n    at cypressErr (http://localhost:46557/__cypress/runner/cypress_runner.js:149934:9)\n    at throwErr (http://localhost:46557/__cypress/runner/cypress_runner.js:149867:11)\n    at Object.throwErrByPath (http://localhost:46557/__cypress/runner/cypress_runner.js:149915:3)\n    at retry (http://localhost:46557/__cypress/runner/cypress_runner.js:144197:19)\n    at onFailFn (http://localhost:46557/__cypress/runner/cypress_runner.js:132448:16)\n    at tryCatcher (http://localhost:46557/__cypress/runner/cypress_runner.js:167415:23)\n    at Promise._settlePromiseFromHandler (http://localhost:46557/__cypress/runner/cypress_runner.js:165351:31)\n    at Promise._settlePromise (http://localhost:46557/__cypress/runner/cypress_runner.js:165408:18)\n    at Promise._settlePromise0 (http://localhost:46557/__cypress/runner/cypress_runner.js:165453:10)\n    at Promise._settlePromises (http://localhost:46557/__cypress/runner/cypress_runner.js:165528:18)\n    at Async../node_modules/bluebird/js/release/async.js.Async._drainQueue (http://localhost:46557/__cypress/runner/cypress_runner.js:162140:16)\n    at Async../node_modules/bluebird/js/release/async.js.Async._drainQueues (http://localhost:46557/__cypress/runner/cypress_runner.js:162150:10)\n    at Async.drainQueues (http://localhost:46557/__cypress/runner/cypress_runner.js:162024:14)",
                "diff": null
              },
              "uuid": "1a768b9b-fd49-4c45-8dc8-7c550779e6d6",
              "parentUUID": "926cfc76-3e43-44fe-9473-7837478452eb",
              "isHook": false,
              "skipped": false
            },
            {
              "title": "Verifica se ao clicar no botão, o quadro de pixels é totalmente preenchido de branco",
              "fullTitle": "9 - Crie um botão que, ao ser clicado, limpa o quadro preenchendo a cor de todos seus pixels com branco. Verifica se ao clicar no botão, o quadro de pixels é totalmente preenchido de branco",
              "timedOut": null,
              "duration": 4423,
              "state": "failed",
              "speed": null,
              "pass": false,
              "fail": true,
              "pending": false,
              "context": null,
              "code": "cy.get('.color').eq(1).then(function (color) {\n  var backgroundColor = color.css('background-color');\n  cy.wrap(color).click();\n  cy.get('.pixel').each(function (pixel) {\n    cy.wrap(pixel).click().should('have.css', 'background-color', backgroundColor);\n  });\n});\ncy.get('#clear-board').click();\ncy.get('.pixel').each(function (pixel) {\n  cy.wrap(pixel).should('have.css', 'background-color', WHITE);\n});",
              "err": {
                "message": "CypressError: Timed out retrying: Expected to find element: '.color', but never found it.",
                "estack": "CypressError: Timed out retrying: Expected to find element: '.color', but never found it.\n    at cypressErr (http://localhost:46557/__cypress/runner/cypress_runner.js:149934:9)\n    at throwErr (http://localhost:46557/__cypress/runner/cypress_runner.js:149867:11)\n    at Object.throwErrByPath (http://localhost:46557/__cypress/runner/cypress_runner.js:149915:3)\n    at retry (http://localhost:46557/__cypress/runner/cypress_runner.js:144197:19)\n    at onFailFn (http://localhost:46557/__cypress/runner/cypress_runner.js:132448:16)\n    at tryCatcher (http://localhost:46557/__cypress/runner/cypress_runner.js:167415:23)\n    at Promise._settlePromiseFromHandler (http://localhost:46557/__cypress/runner/cypress_runner.js:165351:31)\n    at Promise._settlePromise (http://localhost:46557/__cypress/runner/cypress_runner.js:165408:18)\n    at Promise._settlePromise0 (http://localhost:46557/__cypress/runner/cypress_runner.js:165453:10)\n    at Promise._settlePromises (http://localhost:46557/__cypress/runner/cypress_runner.js:165528:18)\n    at Async../node_modules/bluebird/js/release/async.js.Async._drainQueue (http://localhost:46557/__cypress/runner/cypress_runner.js:162140:16)\n    at Async../node_modules/bluebird/js/release/async.js.Async._drainQueues (http://localhost:46557/__cypress/runner/cypress_runner.js:162150:10)\n    at Async.drainQueues (http://localhost:46557/__cypress/runner/cypress_runner.js:162024:14)",
                "diff": null
              },
              "uuid": "372f00b5-9b6d-4de8-a894-bc0ac9ad9dd4",
              "parentUUID": "926cfc76-3e43-44fe-9473-7837478452eb",
              "isHook": false,
              "skipped": false
            }
          ],
          "suites": [],
          "passes": [],
          "failures": [
            "a9f1c2af-513f-4aaf-86bb-850d737c1e08",
            "e9568cd9-f3fd-47e8-842d-dea8d8a8d1ba",
            "1a768b9b-fd49-4c45-8dc8-7c550779e6d6",
            "372f00b5-9b6d-4de8-a894-bc0ac9ad9dd4"
          ],
          "pending": [],
          "skipped": [],
          "duration": 17661,
          "root": false,
          "rootEmpty": false,
          "_timeout": 2000
        },
        {
          "uuid": "eed74a63-84da-4e89-b088-f8d7136deaf1",
          "title": "10 - Faça o quadro de pixels ter seu tamanho definido pelo usuário.",
          "fullFile": "",
          "file": "",
          "beforeHooks": [],
          "afterHooks": [],
          "tests": [
            {
              "title": "Verifica se existe um input com o id `board-size`",
              "fullTitle": "10 - Faça o quadro de pixels ter seu tamanho definido pelo usuário. Verifica se existe um input com o id `board-size`",
              "timedOut": null,
              "duration": 4478,
              "state": "failed",
              "speed": null,
              "pass": false,
              "fail": true,
              "pending": false,
              "context": null,
              "code": "cy.get('#board-size').should('be.visible');",
              "err": {
                "message": "CypressError: Timed out retrying: Expected to find element: '#board-size', but never found it.",
[...]
                "diff": null
              },
              "uuid": "7e147047-29b7-4f37-ba6a-9b8fab947412",
              "parentUUID": "eed74a63-84da-4e89-b088-f8d7136deaf1",
              "isHook": false,
              "skipped": false
            },
            {
              "title": "Verifica se o novo quadro tem todos os pixels preenchidos com a cor branca",
              "fullTitle": "10 - Faça o quadro de pixels ter seu tamanho definido pelo usuário. Verifica se o novo quadro tem todos os pixels preenchidos com a cor branca",
              "timedOut": null,
              "duration": 4436,
              "state": "failed",
              "speed": null,
              "pass": false,
              "fail": true,
              "pending": false,
              "context": null,
              "code": "cy.get('#board-size').clear().type(6);\ncy.get('#generate-board').click();\ncy.get('.pixel').should('have.length', 36).each(function (pixel) {\n  expect(pixel).to.have.css('background-color', WHITE);\n});",
              "err": {
                "message": "CypressError: Timed out retrying: Expected to find element: '#board-size', but never found it.",
                "estack": "CypressError: Timed out retrying: Expected to find element: '#board-size', but never found it.\n    at cypressErr (http://localhost:46557/__cypress/runner/cypress_runner.js:149934:9)\n    at throwErr (http://localhost:46557/__cypress/runner/cypress_runner.js:149867:11)\n    at Object.throwErrByPath (http://localhost:46557/__cypress/runner/cypress_runner.js:149915:3)\n    at retry (http://localhost:46557/__cypress/runner/cypress_runner.js:144197:19)\n    at onFailFn (http://localhost:46557/__cypress/runner/cypress_runner.js:132448:16)\n    at tryCatcher (http://localhost:46557/__cypress/runner/cypress_runner.js:167415:23)\n    at Promise._settlePromiseFromHandler (http://localhost:46557/__cypress/runner/cypress_runner.js:165351:31)\n    at Promise._settlePromise (http://localhost:46557/__cypress/runner/cypress_runner.js:165408:18)\n    at Promise._settlePromise0 (http://localhost:46557/__cypress/runner/cypress_runner.js:165453:10)\n    at Promise._settlePromises (http://localhost:46557/__cypress/runner/cypress_runner.js:165528:18)\n    at Async../node_modules/bluebird/js/release/async.js.Async._drainQueue (http://localhost:46557/__cypress/runner/cypress_runner.js:162140:16)\n    at Async../node_modules/bluebird/js/release/async.js.Async._drainQueues (http://localhost:46557/__cypress/runner/cypress_runner.js:162150:10)\n    at Async.drainQueues (http://localhost:46557/__cypress/runner/cypress_runner.js:162024:14)",
                "diff": null
              },
              "uuid": "f0b8d7d9-f9ae-4aad-b6b6-a9a1409cc300",
              "parentUUID": "eed74a63-84da-4e89-b088-f8d7136deaf1",
              "isHook": false,
              "skipped": false
            }
          ],
          "suites": [],
          "passes": [],
          "failures": [
            "13d0e8d6-e06f-47b8-b699-2bf0b604d709",
            "f798b291-32c9-4324-bb44-e0364b8a7401",
            "9c966c9d-f13d-4d80-9da4-4936d262e2b6",
            "66c86f67-f1f4-410f-8fdd-37a81fdc759c",
            "96f0dbc1-0ec5-4aa5-b77c-290343f4914b",
            "22d2a757-3d4f-4229-be8a-14e511386d1b",
            "f2c7939f-c6ee-4578-9e55-1c242b27b8ed",
            "7e147047-29b7-4f37-ba6a-9b8fab947412",
            "f0b8d7d9-f9ae-4aad-b6b6-a9a1409cc300"
          ],
          "pending": [],
          "skipped": [],
          "duration": 39772,
          "root": false,
          "rootEmpty": false,
          "_timeout": 2000
        },
        {
          "uuid": "87907bf0-6bf5-4430-91e4-f82b5f922a1d",
          "title": "11 - Limite o tamanho mínimo e máximo do board.",
          "fullFile": "",
          "file": "",
          "beforeHooks": [],
          "afterHooks": [],
          "tests": [
            {
              "title": "Verifica se a altura máxima do board é 50",
              "fullTitle": "11 - Limite o tamanho mínimo e máximo do board. Verifica se a altura máxima do board é 50",
              "timedOut": null,
              "duration": 4431,
              "state": "failed",
              "speed": null,
              "pass": false,
              "fail": true,
              "pending": false,
              "context": null,
              "code": "cy.get('#board-size').clear().type(50);\ncy.get('#generate-board').click();\ncy.get('.pixel').should('have.length', 2500);",
              "err": {
                "message": "CypressError: Timed out retrying: Expected to find element: '#board-size', but never found it.",
                "estack": "CypressError: Timed out retrying: Expected to find element: '#board-size', but never found it.\n    at cypressErr (http://localhost:46557/__cypress/runner/cypress_runner.js:149934:9)\n    at throwErr (http://localhost:46557/__cypress/runner/cypress_runner.js:149867:11)\n    at Object.throwErrByPath (http://localhost:46557/__cypress/runner/cypress_runner.js:149915:3)\n    at retry (http://localhost:46557/__cypress/runner/cypress_runner.js:144197:19)\n    at onFailFn (http://localhost:46557/__cypress/runner/cypress_runner.js:132448:16)\n    at tryCatcher (http://localhost:46557/__cypress/runner/cypress_runner.js:167415:23)\n    at Promise._settlePromiseFromHandler (http://localhost:46557/__cypress/runner/cypress_runner.js:165351:31)\n    at Promise._settlePromise (http://localhost:46557/__cypress/runner/cypress_runner.js:165408:18)\n    at Promise._settlePromise0 (http://localhost:46557/__cypress/runner/cypress_runner.js:165453:10)\n    at Promise._settlePromises (http://localhost:46557/__cypress/runner/cypress_runner.js:165528:18)\n    at Async../node_modules/bluebird/js/release/async.js.Async._drainQueue (http://localhost:46557/__cypress/runner/cypress_runner.js:162140:16)\n    at Async../node_modules/bluebird/js/release/async.js.Async._drainQueues (http://localhost:46557/__cypress/runner/cypress_runner.js:162150:10)\n    at Async.drainQueues (http://localhost:46557/__cypress/runner/cypress_runner.js:162024:14)",
                "diff": null
              },
              "uuid": "6b332a04-cdf6-4f25-8caf-662d229000ba",
              "parentUUID": "87907bf0-6bf5-4430-91e4-f82b5f922a1d",
              "isHook": false,
              "skipped": false
            },
            {
              "title": "Verifica se a altura do board é 5 quando um valor menor é colocado no input",
              "fullTitle": "11 - Limite o tamanho mínimo e máximo do board. Verifica se a altura do board é 5 quando um valor menor é colocado no input",
              "timedOut": null,
              "duration": 4380,
              "state": "failed",
              "speed": null,
              "pass": false,
              "fail": true,
              "pending": false,
              "context": null,
              "code": "cy.get('#board-size').clear().type(4);\ncy.get('#generate-board').click();\ncy.get('.pixel').should('have.length', 25);",
              "err": {
                "message": "CypressError: Timed out retrying: Expected to find element: '#board-size', but never found it.",
                "estack": "CypressError: Timed out retrying: Expected to find element: '#board-size', but never found it.\n    at cypressErr (http://localhost:46557/__cypress/runner/cypress_runner.js:149934:9)\n    at throwErr (http://localhost:46557/__cypress/runner/cypress_runner.js:149867:11)\n    at Object.throwErrByPath (http://localhost:46557/__cypress/runner/cypress_runner.js:149915:3)\n    at retry (http://localhost:46557/__cypress/runner/cypress_runner.js:144197:19)\n    at onFailFn (http://localhost:46557/__cypress/runner/cypress_runner.js:132448:16)\n    at tryCatcher (http://localhost:46557/__cypress/runner/cypress_runner.js:167415:23)\n    at Promise._settlePromiseFromHandler (http://localhost:46557/__cypress/runner/cypress_runner.js:165351:31)\n    at Promise._settlePromise (http://localhost:46557/__cypress/runner/cypress_runner.js:165408:18)\n    at Promise._settlePromise0 (http://localhost:46557/__cypress/runner/cypress_runner.js:165453:10)\n    at Promise._settlePromises (http://localhost:46557/__cypress/runner/cypress_runner.js:165528:18)\n    at Async../node_modules/bluebird/js/release/async.js.Async._drainQueue (http://localhost:46557/__cypress/runner/cypress_runner.js:162140:16)\n    at Async../node_modules/bluebird/js/release/async.js.Async._drainQueues (http://localhost:46557/__cypress/runner/cypress_runner.js:162150:10)\n    at Async.drainQueues (http://localhost:46557/__cypress/runner/cypress_runner.js:162024:14)",
                "diff": null
              },
              "uuid": "0059fb50-d4f1-4990-b4b8-5688fb03678f",
              "parentUUID": "87907bf0-6bf5-4430-91e4-f82b5f922a1d",
              "isHook": false,
              "skipped": false
            },
            {
              "title": "Verifica se a altura do board é 50 quando um valor maior é colocado no input",
              "fullTitle": "11 - Limite o tamanho mínimo e máximo do board. Verifica se a altura do board é 50 quando um valor maior é colocado no input",
              "timedOut": null,
              "duration": 4422,
              "state": "failed",
              "speed": null,
              "pass": false,
              "fail": true,
              "pending": false,
              "context": null,
              "code": "cy.get('#board-size').clear().type(51);\ncy.get('#generate-board').click();\ncy.get('.pixel').should('have.length', 2500);",
              "err": {
                "message": "CypressError: Timed out retrying: Expected to find element: '#board-size', but never found it.",
                "estack": "CypressError: Timed out retrying: Expected to find element: '#board-size', but never found it.\n    at cypressErr (http://localhost:46557/__cypress/runner/cypress_runner.js:149934:9)\n    at throwErr (http://localhost:46557/__cypress/runner/cypress_runner.js:149867:11)\n    at Object.throwErrByPath (http://localhost:46557/__cypress/runner/cypress_runner.js:149915:3)\n    at retry (http://localhost:46557/__cypress/runner/cypress_runner.js:144197:19)\n    at onFailFn (http://localhost:46557/__cypress/runner/cypress_runner.js:132448:16)\n    at tryCatcher (http://localhost:46557/__cypress/runner/cypress_runner.js:167415:23)\n    at Promise._settlePromiseFromHandler (http://localhost:46557/__cypress/runner/cypress_runner.js:165351:31)\n    at Promise._settlePromise (http://localhost:46557/__cypress/runner/cypress_runner.js:165408:18)\n    at Promise._settlePromise0 (http://localhost:46557/__cypress/runner/cypress_runner.js:165453:10)\n    at Promise._settlePromises (http://localhost:46557/__cypress/runner/cypress_runner.js:165528:18)\n    at Async../node_modules/bluebird/js/release/async.js.Async._drainQueue (http://localhost:46557/__cypress/runner/cypress_runner.js:162140:16)\n    at Async../node_modules/bluebird/js/release/async.js.Async._drainQueues (http://localhost:46557/__cypress/runner/cypress_runner.js:162150:10)\n    at Async.drainQueues (http://localhost:46557/__cypress/runner/cypress_runner.js:162024:14)",
                "diff": null
              },
              "uuid": "19011c4f-27eb-4d90-a0d4-f45e20991a21",
              "parentUUID": "87907bf0-6bf5-4430-91e4-f82b5f922a1d",
              "isHook": false,
              "skipped": false
            }
          ],
          "suites": [],
          "passes": [],
          "failures": [
            "6b332a04-cdf6-4f25-8caf-662d229000ba",
            "0059fb50-d4f1-4990-b4b8-5688fb03678f",
            "19011c4f-27eb-4d90-a0d4-f45e20991a21"
          ],
          "pending": [],
          "skipped": [],
          "duration": 13233,
          "root": false,
          "rootEmpty": false,
          "_timeout": 2000
        },
        {
          "uuid": "4f6ccc06-bf61-4f1a-b597-1c94f10b8892",
          "title": "12 - Faça com que as cores da paleta sejam geradas aleatoriamente ao carregar a página.",
          "fullFile": "",
          "file": "",
          "beforeHooks": [],
          "afterHooks": [],
          "tests": [
            {
              "title": "Verifica se as cores geradas na paleta são diferentes a cada carregamento da página",
              "fullTitle": "12 - Faça com que as cores da paleta sejam geradas aleatoriamente ao carregar a página. Verifica se as cores geradas na paleta são diferentes a cada carregamento da página",
              "timedOut": null,
              "duration": 4488,
              "state": "failed",
              "speed": null,
              "pass": false,
              "fail": true,
              "pending": false,
              "context": null,
              "code": "cy.get('.color').then(function (colors) {\n  var currentColors;\n  var previousColors;\n  previousColors = Array.from(colors).map(function (color) {\n    return Cypress.$(color).css('background-color');\n  });\n  for (var i = 0; i < 5; i += 1) {\n    cy.reload();\n    cy.get('.color').then(function (colors) {\n      currentColors = Array.from(colors).map(function (color) {\n        return Cypress.$(color).css('background-color');\n      });\n      expect(currentColors).not.to.deep.equal(previousColors);\n      previousColors = currentColors;\n    });\n  }\n});",
              "err": {
                "message": "CypressError: Timed out retrying: Expected to find element: '.color', but never found it.",
                "estack": "CypressError: Timed out retrying: Expected to find element: '.color', but never found it.\n    at cypressErr (http://localhost:46557/__cypress/runner/cypress_runner.js:149934:9)\n    at throwErr (http://localhost:46557/__cypress/runner/cypress_runner.js:149867:11)\n    at Object.throwErrByPath (http://localhost:46557/__cypress/runner/cypress_runner.js:149915:3)\n    at retry (http://localhost:46557/__cypress/runner/cypress_runner.js:144197:19)\n    at onFailFn (http://localhost:46557/__cypress/runner/cypress_runner.js:132448:16)\n    at tryCatcher (http://localhost:46557/__cypress/runner/cypress_runner.js:167415:23)\n    at Promise._settlePromiseFromHandler (http://localhost:46557/__cypress/runner/cypress_runner.js:165351:31)\n    at Promise._settlePromise (http://localhost:46557/__cypress/runner/cypress_runner.js:165408:18)\n    at Promise._settlePromise0 (http://localhost:46557/__cypress/runner/cypress_runner.js:165453:10)\n    at Promise._settlePromises (http://localhost:46557/__cypress/runner/cypress_runner.js:165528:18)\n    at Async../node_modules/bluebird/js/release/async.js.Async._drainQueue (http://localhost:46557/__cypress/runner/cypress_runner.js:162140:16)\n    at Async../node_modules/bluebird/js/release/async.js.Async._drainQueues (http://localhost:46557/__cypress/runner/cypress_runner.js:162150:10)\n    at Async.drainQueues (http://localhost:46557/__cypress/runner/cypress_runner.js:162024:14)",
                "diff": null
              },
              "uuid": "4c177526-4779-4111-98a5-317b7dc7a50b",
              "parentUUID": "4f6ccc06-bf61-4f1a-b597-1c94f10b8892",
              "isHook": false,
              "skipped": false
            },
            {
              "title": "Verifica se a cor preta ainda está presente e é a primeira na sua paleta de cores",
              "fullTitle": "12 - Faça com que as cores da paleta sejam geradas aleatoriamente ao carregar a página. Verifica se a cor preta ainda está presente e é a primeira na sua paleta de cores",
              "timedOut": null,
              "duration": 4504,
              "state": "failed",
              "speed": null,
              "pass": false,
              "fail": true,
              "pending": false,
              "context": null,
              "code": "cy.get('.color').then(function (colors) {\n  var currentColors;\n  var previousColors;\n  previousColors = Array.from(colors).map(function (color) {\n    return Cypress.$(color).css('background-color');\n  });\n  expect(previousColors[0]).to.eq(BLACK);\n  for (var i = 0; i < 5; i += 1) {\n    cy.reload();\n    cy.get('.color').then(function (colors) {\n      currentColors = Array.from(colors).map(function (color) {\n        return Cypress.$(color).css('background-color');\n      });\n      expect(currentColors[0]).to.eq(BLACK);\n      expect(currentColors).not.to.deep.equal(previousColors);\n      previousColors = currentColors;\n    });\n  }\n});",
              "err": {
                "message": "CypressError: Timed out retrying: Expected to find element: '.color', but never found it.",
                "estack": "CypressError: Timed out retrying: Expected to find element: '.color', but never found it.\n    at cypressErr (http://localhost:46557/__cypress/runner/cypress_runner.js:149934:9)\n    at throwErr (http://localhost:46557/__cypress/runner/cypress_runner.js:149867:11)\n    at Object.throwErrByPath (http://localhost:46557/__cypress/runner/cypress_runner.js:149915:3)\n    at retry (http://localhost:46557/__cypress/runner/cypress_runner.js:144197:19)\n    at onFailFn (http://localhost:46557/__cypress/runner/cypress_runner.js:132448:16)\n    at tryCatcher (http://localhost:46557/__cypress/runner/cypress_runner.js:167415:23)\n    at Promise._settlePromiseFromHandler (http://localhost:46557/__cypress/runner/cypress_runner.js:165351:31)\n    at Promise._settlePromise (http://localhost:46557/__cypress/runner/cypress_runner.js:165408:18)\n    at Promise._settlePromise0 (http://localhost:46557/__cypress/runner/cypress_runner.js:165453:10)\n    at Promise._settlePromises (http://localhost:46557/__cypress/runner/cypress_runner.js:165528:18)\n    at Async../node_modules/bluebird/js/release/async.js.Async._drainQueue (http://localhost:46557/__cypress/runner/cypress_runner.js:162140:16)\n    at Async../node_modules/bluebird/js/release/async.js.Async._drainQueues (http://localhost:46557/__cypress/runner/cypress_runner.js:162150:10)\n    at Async.drainQueues (http://localhost:46557/__cypress/runner/cypress_runner.js:162024:14)",
                "diff": null
              },
              "uuid": "562c615f-1022-4bff-83d6-b7d5456fe146",
              "parentUUID": "4f6ccc06-bf61-4f1a-b597-1c94f10b8892",
              "isHook": false,
              "skipped": false
            }
          ],
          "suites": [],
          "passes": [],
          "failures": [
            "4c177526-4779-4111-98a5-317b7dc7a50b",
            "562c615f-1022-4bff-83d6-b7d5456fe146"
          ],
          "pending": [],
          "skipped": [],
          "duration": 8992,
          "root": false,
          "rootEmpty": false,
          "_timeout": 2000
        }
      ],
      "passes": [],
      "failures": [],
      "pending": [],
      "skipped": [],
      "duration": 0,
      "root": true,
      "rootEmpty": true,
      "_timeout": 2000
    }
  ],
  "meta": {
    "mocha": {
      "version": "7.0.1"
    },
    "mochawesome": {
      "options": {
        "quiet": false,
        "reportFilename": "mochawesome",
        "saveHtml": false,
        "saveJson": true,
        "consoleReporter": "spec",
        "useInlineDiffs": false
      },
      "version": "4.1.0"
    },
    "marge": {
      "options": {
        "id": "default",
        "reportDir": "cypress/reports",
        "overwrite": true,
        "html": false,
        "json": true
      },
      "version": "4.1.0"
    }
  }
}